<?xml version="1.0" encoding="UTF-8"?>
<!-- Generated by org.testng.reporters.JUnitReportReporter -->
<testsuite hostname="DESKTOP-H6DIO61" failures="0" tests="2" name="Selinum.TestNGexample.GroupTest" time="5.238" errors="0" timestamp="2023-09-04T11:44:39 IST" skipped="0">
  <testcase classname="Selinum.TestNGexample.GroupTest" name="f" time="3.185"/>
  <system-out>
    <![CDATA[went to test1 and url is opened ]]>
  </system-out>
  <testcase classname="Selinum.TestNGexample.GroupTest" name="f" time="2.053"/>
  <system-out>
    <![CDATA[went to test1 and url is opened ]]>
  </system-out>
</testsuite> <!-- Selinum.TestNGexample.GroupTest -->
