<?xml version="1.0" encoding="UTF-8"?>
<!-- Generated by org.testng.reporters.JUnitReportReporter -->
<testsuite hostname="DESKTOP-H6DIO61" failures="0" tests="2" name="Selinum.TestNGexample.NewTest" time="1.656" errors="0" timestamp="2023-09-01T11:17:05 IST" skipped="0">
  <testcase classname="Selinum.TestNGexample.NewTest" name="f2" time="0.873"/>
  <system-out/>
  <testcase classname="Selinum.TestNGexample.NewTest" name="f1" time="0.783"/>
  <system-out/>
</testsuite> <!-- Selinum.TestNGexample.NewTest -->
