<?xml version="1.0" encoding="UTF-8"?>
<!-- Generated by org.testng.reporters.JUnitReportReporter -->
<testsuite hostname="DESKTOP-H6DIO61" failures="0" tests="2" name="Selinum.TestNGexample.NewTest1" time="17.319" errors="0" timestamp="2023-09-01T11:34:00 IST" skipped="0">
  <testcase classname="Selinum.TestNGexample.NewTest1" name="f2" time="11.958"/>
  <system-out/>
  <testcase classname="Selinum.TestNGexample.NewTest1" name="f1" time="5.361"/>
  <system-out/>
</testsuite> <!-- Selinum.TestNGexample.NewTest1 -->
